<?xml version="1.0" encoding="UTF-8" ?>
<testsuite tests="3" failures="1" name="Sample.PetClinicTest" time="53.598" errors="0" skipped="2">
  <properties>
    <property name="java.runtime.name" value="Java(TM) SE Runtime Environment"/>
    <property name="sun.boot.library.path" value="C:\Program Files\Java\jdk1.8.0_91\jre\bin"/>
    <property name="java.vm.version" value="25.91-b15"/>
    <property name="java.vm.vendor" value="Oracle Corporation"/>
    <property name="maven.multiModuleProjectDirectory" value="C:\Users\ophondba\workspace\eclipse_t\petclinicChrome-master"/>
    <property name="java.vendor.url" value="http://java.oracle.com/"/>
    <property name="path.separator" value=";"/>
    <property name="guice.disable.misplaced.annotation.check" value="true"/>
    <property name="java.vm.name" value="Java HotSpot(TM) 64-Bit Server VM"/>
    <property name="file.encoding.pkg" value="sun.io"/>
    <property name="user.script" value=""/>
    <property name="user.country" value="US"/>
    <property name="sun.java.launcher" value="SUN_STANDARD"/>
    <property name="sun.os.patch.level" value="Service Pack 1"/>
    <property name="java.vm.specification.name" value="Java Virtual Machine Specification"/>
    <property name="user.dir" value="C:\Users\ophondba\workspace\eclipse_t\petclinicChrome-master"/>
    <property name="java.runtime.version" value="1.8.0_91-b15"/>
    <property name="java.awt.graphicsenv" value="sun.awt.Win32GraphicsEnvironment"/>
    <property name="java.endorsed.dirs" value="C:\Program Files\Java\jdk1.8.0_91\jre\lib\endorsed"/>
    <property name="os.arch" value="amd64"/>
    <property name="java.io.tmpdir" value="C:\Users\ophondba\AppData\Local\Temp\"/>
    <property name="line.separator" value="
"/>
    <property name="java.vm.specification.vendor" value="Oracle Corporation"/>
    <property name="user.variant" value=""/>
    <property name="os.name" value="Windows 7"/>
    <property name="classworlds.conf" value="C:\Users\ophondba\workspace\eclipse_t\.metadata\.plugins\org.eclipse.m2e.launching\launches\m2conf2117971267206216202.tmp"/>
    <property name="sun.jnu.encoding" value="Cp1252"/>
    <property name="java.library.path" value="C:\Program Files\Java\jdk1.8.0_91\bin;C:\WINDOWS\Sun\Java\bin;C:\WINDOWS\system32;C:\WINDOWS;C:/Program Files/Java/jdk1.8.0_91/bin/../jre/bin/server;C:/Program Files/Java/jdk1.8.0_91/bin/../jre/bin;C:/Program Files/Java/jdk1.8.0_91/bin/../jre/lib/amd64;C:\csvn\bin\;C:\csvn\Python25\;C:\Program Files\Java\jdk1.8.0_91\bin;D:\apache-maven-3.3.9\bin;C:\Program Files\sonar-scanner-2.6.1\bin;C:\Program Files\TortoiseSVNbin;C:\Program Files\Git\bin;C:\Program Files\cURL\bin;D:\Users\ophondba\Desktop\eclipse;;."/>
    <property name="java.specification.name" value="Java Platform API Specification"/>
    <property name="java.class.version" value="52.0"/>
    <property name="sun.management.compiler" value="HotSpot 64-Bit Tiered Compilers"/>
    <property name="os.version" value="6.1"/>
    <property name="user.home" value="C:\Users\ophondba"/>
    <property name="user.timezone" value="Asia/Calcutta"/>
    <property name="java.awt.printerjob" value="sun.awt.windows.WPrinterJob"/>
    <property name="java.specification.version" value="1.8"/>
    <property name="file.encoding" value="Cp1252"/>
    <property name="user.name" value="ophondba"/>
    <property name="java.class.path" value="/D:/Users/ophondba/Desktop/eclipse/plugins/org.eclipse.m2e.maven.runtime_1.7.0.20160603-1931/jars/plexus-classworlds-2.5.2.jar"/>
    <property name="java.vm.specification.version" value="1.8"/>
    <property name="sun.arch.data.model" value="64"/>
    <property name="java.home" value="C:\Program Files\Java\jdk1.8.0_91\jre"/>
    <property name="sun.java.command" value="org.codehaus.plexus.classworlds.launcher.Launcher -B -s D:\apache-maven-3.3.9\conf\settings.xml clean install"/>
    <property name="java.specification.vendor" value="Oracle Corporation"/>
    <property name="user.language" value="en"/>
    <property name="awt.toolkit" value="sun.awt.windows.WToolkit"/>
    <property name="java.vm.info" value="mixed mode"/>
    <property name="java.version" value="1.8.0_91"/>
    <property name="java.ext.dirs" value="C:\Program Files\Java\jdk1.8.0_91\jre\lib\ext;C:\WINDOWS\Sun\Java\lib\ext"/>
    <property name="sun.boot.class.path" value="C:\Program Files\Java\jdk1.8.0_91\jre\lib\resources.jar;C:\Program Files\Java\jdk1.8.0_91\jre\lib\rt.jar;C:\Program Files\Java\jdk1.8.0_91\jre\lib\sunrsasign.jar;C:\Program Files\Java\jdk1.8.0_91\jre\lib\jsse.jar;C:\Program Files\Java\jdk1.8.0_91\jre\lib\jce.jar;C:\Program Files\Java\jdk1.8.0_91\jre\lib\charsets.jar;C:\Program Files\Java\jdk1.8.0_91\jre\lib\jfr.jar;C:\Program Files\Java\jdk1.8.0_91\jre\classes"/>
    <property name="java.vendor" value="Oracle Corporation"/>
    <property name="maven.home" value="C:\Users\ophondba\workspace\eclipse_t\petclinicChrome-master\EMBEDDED"/>
    <property name="file.separator" value="\"/>
    <property name="java.vendor.url.bug" value="http://bugreport.sun.com/bugreport/"/>
    <property name="sun.cpu.endian" value="little"/>
    <property name="sun.io.unicode.encoding" value="UnicodeLittle"/>
    <property name="sun.desktop" value="windows"/>
    <property name="sun.cpu.isalist" value="amd64"/>
  </properties>
  <testcase classname="Sample.PetClinicTest" name="beforeTest" time="53.598">
    <failure message="Failed to connect to binary FirefoxBinary(C:\Users\ophondba\AppData\Local\Mozilla Firefox\Firefox.exe) on port 7055; process output follows: 
/1.0&quot;,&quot;updateURL&quot;:null,&quot;updateKey&quot;:null,&quot;optionsURL&quot;:null,&quot;optionsType&quot;:null,&quot;aboutURL&quot;:null,&quot;icons&quot;:{&quot;32&quot;:&quot;icon.png&quot;,&quot;48&quot;:&quot;icon.png&quot;},&quot;iconURL&quot;:null,&quot;icon64URL&quot;:null,&quot;defaultLocale&quot;:{&quot;name&quot;:&quot;Default&quot;,&quot;description&quot;:&quot;The default theme.&quot;,&quot;creator&quot;:&quot;Mozilla&quot;,&quot;homepageURL&quot;:null,&quot;contributors&quot;:[&quot;Mozilla Contributors&quot;]},&quot;visible&quot;:true,&quot;active&quot;:true,&quot;userDisabled&quot;:false,&quot;appDisabled&quot;:false,&quot;descriptor&quot;:&quot;C:\\Users\\ophondba\\AppData\\Local\\Mozilla Firefox\\browser\\extensions\\{972ce4c6-7e08-4474-a285-3208198ce6fd}.xpi&quot;,&quot;installDate&quot;:1472018554000,&quot;updateDate&quot;:1472018554000,&quot;applyBackgroundUpdates&quot;:1,&quot;skinnable&quot;:true,&quot;size&quot;:21905,&quot;sourceURI&quot;:null,&quot;releaseNotesURI&quot;:null,&quot;softDisabled&quot;:false,&quot;foreignInstall&quot;:false,&quot;hasBinaryComponents&quot;:false,&quot;strictCompatibility&quot;:true,&quot;locales&quot;:[],&quot;targetApplications&quot;:[{&quot;id&quot;:&quot;{ec8030f7-c20a-464f-9b0e-13a3a9e97384}&quot;,&quot;minVersion&quot;:&quot;48.0.2&quot;,&quot;maxVersion&quot;:&quot;48.0.2&quot;}],&quot;targetPlatforms&quot;:[],&quot;seen&quot;:true}
1473317995259	addons.xpi	DEBUG	getModTime: Recursive scan of {972ce4c6-7e08-4474-a285-3208198ce6fd}
1473317995261	DeferredSave.extensions.json	DEBUG	Save changes
1473317995261	addons.xpi	DEBUG	Updating database with changes to installed add-ons
1473317995261	addons.xpi-utils	DEBUG	Updating add-on states
1473317995262	addons.xpi-utils	DEBUG	Writing add-ons list
1473317995267	addons.xpi	DEBUG	Registering manifest for C:\Users\ophondba\AppData\Local\Mozilla Firefox\browser\features\e10srollout@mozilla.org.xpi
1473317995267	addons.xpi	DEBUG	Calling bootstrap method startup on e10srollout@mozilla.org version 1.1
1473317995268	addons.xpi	DEBUG	Registering manifest for C:\Users\ophondba\AppData\Local\Mozilla Firefox\browser\features\firefox@getpocket.com.xpi
1473317995268	addons.xpi	DEBUG	Calling bootstrap method startup on firefox@getpocket.com version 1.0.4
1473317995269	addons.xpi	DEBUG	Registering manifest for C:\Users\ophondba\AppData\Local\Mozilla Firefox\browser\features\loop@mozilla.org.xpi
1473317995270	addons.xpi	DEBUG	Calling bootstrap method startup on loop@mozilla.org version 1.4.4
1473317995353	addons.manager	DEBUG	Registering shutdown blocker for XPIProvider
1473317995354	addons.manager	DEBUG	Provider finished startup: XPIProvider
1473317995354	addons.manager	DEBUG	Starting provider: LightweightThemeManager
1473317995354	addons.manager	DEBUG	Registering shutdown blocker for LightweightThemeManager
1473317995354	addons.manager	DEBUG	Provider finished startup: LightweightThemeManager
1473317995355	addons.manager	DEBUG	Starting provider: GMPProvider
1473317995369	addons.manager	DEBUG	Registering shutdown blocker for GMPProvider
1473317995370	addons.manager	DEBUG	Provider finished startup: GMPProvider
1473317995370	addons.manager	DEBUG	Starting provider: PluginProvider
1473317995371	addons.manager	DEBUG	Registering shutdown blocker for PluginProvider
1473317995371	addons.manager	DEBUG	Provider finished startup: PluginProvider
1473317995372	addons.manager	DEBUG	Completed startup sequence
1473318003788	addons.manager	DEBUG	Starting provider: &lt;unnamed-provider&gt;
1473318003788	addons.manager	DEBUG	Registering shutdown blocker for &lt;unnamed-provider&gt;
1473318003789	addons.manager	DEBUG	Provider finished startup: &lt;unnamed-provider&gt;
1473318023204	DeferredSave.extensions.json	DEBUG	Write succeeded
1473318023205	addons.xpi-utils	DEBUG	XPI Database saved, setting schema version preference to 17
1473318023205	DeferredSave.extensions.json	DEBUG	Starting timer
1473318023341	DeferredSave.extensions.json	DEBUG	Starting write
1473318023347	addons.repository	DEBUG	No addons.json found.
1473318023462	DeferredSave.addons.json	DEBUG	Save changes
1473318023561	DeferredSave.addons.json	DEBUG	Starting timer
1473318032489	addons.manager	DEBUG	Starting provider: PreviousExperimentProvider
1473318032489	addons.manager	DEBUG	Registering shutdown blocker for PreviousExperimentProvider
1473318032490	addons.manager	DEBUG	Provider finished startup: PreviousExperimentProvider
1473318032519	DeferredSave.addons.json	DEBUG	Starting write
1473318033294	DeferredSave.extensions.json	DEBUG	Write succeeded

Build info: version: &apos;2.53.1&apos;, revision: &apos;a36b8b1cd5757287168e54b817830adce9b0158d&apos;, time: &apos;2016-06-30 19:26:09&apos;
System info: host: &apos;DIN16001296&apos;, ip: &apos;169.254.246.123&apos;, os.name: &apos;Windows 7&apos;, os.arch: &apos;amd64&apos;, os.version: &apos;6.1&apos;, java.version: &apos;1.8.0_91&apos;
Driver info: driver.version: FirefoxDriver" type="org.openqa.selenium.WebDriverException">org.openqa.selenium.WebDriverException: Failed to connect to binary FirefoxBinary(C:\Users\ophondba\AppData\Local\Mozilla Firefox\Firefox.exe) on port 7055; process output follows: 
/1.0&quot;,&quot;updateURL&quot;:null,&quot;updateKey&quot;:null,&quot;optionsURL&quot;:null,&quot;optionsType&quot;:null,&quot;aboutURL&quot;:null,&quot;icons&quot;:{&quot;32&quot;:&quot;icon.png&quot;,&quot;48&quot;:&quot;icon.png&quot;},&quot;iconURL&quot;:null,&quot;icon64URL&quot;:null,&quot;defaultLocale&quot;:{&quot;name&quot;:&quot;Default&quot;,&quot;description&quot;:&quot;The default theme.&quot;,&quot;creator&quot;:&quot;Mozilla&quot;,&quot;homepageURL&quot;:null,&quot;contributors&quot;:[&quot;Mozilla Contributors&quot;]},&quot;visible&quot;:true,&quot;active&quot;:true,&quot;userDisabled&quot;:false,&quot;appDisabled&quot;:false,&quot;descriptor&quot;:&quot;C:\\Users\\ophondba\\AppData\\Local\\Mozilla Firefox\\browser\\extensions\\{972ce4c6-7e08-4474-a285-3208198ce6fd}.xpi&quot;,&quot;installDate&quot;:1472018554000,&quot;updateDate&quot;:1472018554000,&quot;applyBackgroundUpdates&quot;:1,&quot;skinnable&quot;:true,&quot;size&quot;:21905,&quot;sourceURI&quot;:null,&quot;releaseNotesURI&quot;:null,&quot;softDisabled&quot;:false,&quot;foreignInstall&quot;:false,&quot;hasBinaryComponents&quot;:false,&quot;strictCompatibility&quot;:true,&quot;locales&quot;:[],&quot;targetApplications&quot;:[{&quot;id&quot;:&quot;{ec8030f7-c20a-464f-9b0e-13a3a9e97384}&quot;,&quot;minVersion&quot;:&quot;48.0.2&quot;,&quot;maxVersion&quot;:&quot;48.0.2&quot;}],&quot;targetPlatforms&quot;:[],&quot;seen&quot;:true}
1473317995259	addons.xpi	DEBUG	getModTime: Recursive scan of {972ce4c6-7e08-4474-a285-3208198ce6fd}
1473317995261	DeferredSave.extensions.json	DEBUG	Save changes
1473317995261	addons.xpi	DEBUG	Updating database with changes to installed add-ons
1473317995261	addons.xpi-utils	DEBUG	Updating add-on states
1473317995262	addons.xpi-utils	DEBUG	Writing add-ons list
1473317995267	addons.xpi	DEBUG	Registering manifest for C:\Users\ophondba\AppData\Local\Mozilla Firefox\browser\features\e10srollout@mozilla.org.xpi
1473317995267	addons.xpi	DEBUG	Calling bootstrap method startup on e10srollout@mozilla.org version 1.1
1473317995268	addons.xpi	DEBUG	Registering manifest for C:\Users\ophondba\AppData\Local\Mozilla Firefox\browser\features\firefox@getpocket.com.xpi
1473317995268	addons.xpi	DEBUG	Calling bootstrap method startup on firefox@getpocket.com version 1.0.4
1473317995269	addons.xpi	DEBUG	Registering manifest for C:\Users\ophondba\AppData\Local\Mozilla Firefox\browser\features\loop@mozilla.org.xpi
1473317995270	addons.xpi	DEBUG	Calling bootstrap method startup on loop@mozilla.org version 1.4.4
1473317995353	addons.manager	DEBUG	Registering shutdown blocker for XPIProvider
1473317995354	addons.manager	DEBUG	Provider finished startup: XPIProvider
1473317995354	addons.manager	DEBUG	Starting provider: LightweightThemeManager
1473317995354	addons.manager	DEBUG	Registering shutdown blocker for LightweightThemeManager
1473317995354	addons.manager	DEBUG	Provider finished startup: LightweightThemeManager
1473317995355	addons.manager	DEBUG	Starting provider: GMPProvider
1473317995369	addons.manager	DEBUG	Registering shutdown blocker for GMPProvider
1473317995370	addons.manager	DEBUG	Provider finished startup: GMPProvider
1473317995370	addons.manager	DEBUG	Starting provider: PluginProvider
1473317995371	addons.manager	DEBUG	Registering shutdown blocker for PluginProvider
1473317995371	addons.manager	DEBUG	Provider finished startup: PluginProvider
1473317995372	addons.manager	DEBUG	Completed startup sequence
1473318003788	addons.manager	DEBUG	Starting provider: &lt;unnamed-provider&gt;
1473318003788	addons.manager	DEBUG	Registering shutdown blocker for &lt;unnamed-provider&gt;
1473318003789	addons.manager	DEBUG	Provider finished startup: &lt;unnamed-provider&gt;
1473318023204	DeferredSave.extensions.json	DEBUG	Write succeeded
1473318023205	addons.xpi-utils	DEBUG	XPI Database saved, setting schema version preference to 17
1473318023205	DeferredSave.extensions.json	DEBUG	Starting timer
1473318023341	DeferredSave.extensions.json	DEBUG	Starting write
1473318023347	addons.repository	DEBUG	No addons.json found.
1473318023462	DeferredSave.addons.json	DEBUG	Save changes
1473318023561	DeferredSave.addons.json	DEBUG	Starting timer
1473318032489	addons.manager	DEBUG	Starting provider: PreviousExperimentProvider
1473318032489	addons.manager	DEBUG	Registering shutdown blocker for PreviousExperimentProvider
1473318032490	addons.manager	DEBUG	Provider finished startup: PreviousExperimentProvider
1473318032519	DeferredSave.addons.json	DEBUG	Starting write
1473318033294	DeferredSave.extensions.json	DEBUG	Write succeeded
Build info: version: &apos;2.53.1&apos;, revision: &apos;a36b8b1cd5757287168e54b817830adce9b0158d&apos;, time: &apos;2016-06-30 19:26:09&apos;
System info: host: &apos;DIN16001296&apos;, ip: &apos;169.254.246.123&apos;, os.name: &apos;Windows 7&apos;, os.arch: &apos;amd64&apos;, os.version: &apos;6.1&apos;, java.version: &apos;1.8.0_91&apos;
Driver info: driver.version: FirefoxDriver
	at org.openqa.selenium.firefox.internal.NewProfileExtensionConnection.start(NewProfileExtensionConnection.java:125)
	at org.openqa.selenium.firefox.FirefoxDriver.startClient(FirefoxDriver.java:271)
	at org.openqa.selenium.remote.RemoteWebDriver.&lt;init&gt;(RemoteWebDriver.java:119)
	at org.openqa.selenium.firefox.FirefoxDriver.&lt;init&gt;(FirefoxDriver.java:216)
	at org.openqa.selenium.firefox.FirefoxDriver.&lt;init&gt;(FirefoxDriver.java:211)
	at org.openqa.selenium.firefox.FirefoxDriver.&lt;init&gt;(FirefoxDriver.java:207)
	at Sample.PetClinicTest.beforeTest(PetClinicTest.java:26)
Caused by: org.openqa.selenium.firefox.NotConnectedException: Unable to connect to host 127.0.0.1 on port 7055 after 45000 ms. Firefox console output:
-global&quot;,&quot;version&quot;:&quot;48.0.2&quot;,&quot;type&quot;:&quot;theme&quot;,&quot;internalName&quot;:&quot;classic/1.0&quot;,&quot;updateURL&quot;:null,&quot;updateKey&quot;:null,&quot;optionsURL&quot;:null,&quot;optionsType&quot;:null,&quot;aboutURL&quot;:null,&quot;icons&quot;:{&quot;32&quot;:&quot;icon.png&quot;,&quot;48&quot;:&quot;icon.png&quot;},&quot;iconURL&quot;:null,&quot;icon64URL&quot;:null,&quot;defaultLocale&quot;:{&quot;name&quot;:&quot;Default&quot;,&quot;description&quot;:&quot;The default theme.&quot;,&quot;creator&quot;:&quot;Mozilla&quot;,&quot;homepageURL&quot;:null,&quot;contributors&quot;:[&quot;Mozilla Contributors&quot;]},&quot;visible&quot;:true,&quot;active&quot;:true,&quot;userDisabled&quot;:false,&quot;appDisabled&quot;:false,&quot;descriptor&quot;:&quot;C:\\Users\\ophondba\\AppData\\Local\\Mozilla Firefox\\browser\\extensions\\{972ce4c6-7e08-4474-a285-3208198ce6fd}.xpi&quot;,&quot;installDate&quot;:1472018554000,&quot;updateDate&quot;:1472018554000,&quot;applyBackgroundUpdates&quot;:1,&quot;skinnable&quot;:true,&quot;size&quot;:21905,&quot;sourceURI&quot;:null,&quot;releaseNotesURI&quot;:null,&quot;softDisabled&quot;:false,&quot;foreignInstall&quot;:false,&quot;hasBinaryComponents&quot;:false,&quot;strictCompatibility&quot;:true,&quot;locales&quot;:[],&quot;targetApplications&quot;:[{&quot;id&quot;:&quot;{ec8030f7-c20a-464f-9b0e-13a3a9e97384}&quot;,&quot;minVersion&quot;:&quot;48.0.2&quot;,&quot;maxVersion&quot;:&quot;48.0.2&quot;}],&quot;targetPlatforms&quot;:[],&quot;seen&quot;:true}
1473317995259	addons.xpi	DEBUG	getModTime: Recursive scan of {972ce4c6-7e08-4474-a285-3208198ce6fd}
1473317995261	DeferredSave.extensions.json	DEBUG	Save changes
1473317995261	addons.xpi	DEBUG	Updating database with changes to installed add-ons
1473317995261	addons.xpi-utils	DEBUG	Updating add-on states
1473317995262	addons.xpi-utils	DEBUG	Writing add-ons list
1473317995267	addons.xpi	DEBUG	Registering manifest for C:\Users\ophondba\AppData\Local\Mozilla Firefox\browser\features\e10srollout@mozilla.org.xpi
1473317995267	addons.xpi	DEBUG	Calling bootstrap method startup on e10srollout@mozilla.org version 1.1
1473317995268	addons.xpi	DEBUG	Registering manifest for C:\Users\ophondba\AppData\Local\Mozilla Firefox\browser\features\firefox@getpocket.com.xpi
1473317995268	addons.xpi	DEBUG	Calling bootstrap method startup on firefox@getpocket.com version 1.0.4
1473317995269	addons.xpi	DEBUG	Registering manifest for C:\Users\ophondba\AppData\Local\Mozilla Firefox\browser\features\loop@mozilla.org.xpi
1473317995270	addons.xpi	DEBUG	Calling bootstrap method startup on loop@mozilla.org version 1.4.4
1473317995353	addons.manager	DEBUG	Registering shutdown blocker for XPIProvider
1473317995354	addons.manager	DEBUG	Provider finished startup: XPIProvider
1473317995354	addons.manager	DEBUG	Starting provider: LightweightThemeManager
1473317995354	addons.manager	DEBUG	Registering shutdown blocker for LightweightThemeManager
1473317995354	addons.manager	DEBUG	Provider finished startup: LightweightThemeManager
1473317995355	addons.manager	DEBUG	Starting provider: GMPProvider
1473317995369	addons.manager	DEBUG	Registering shutdown blocker for GMPProvider
1473317995370	addons.manager	DEBUG	Provider finished startup: GMPProvider
1473317995370	addons.manager	DEBUG	Starting provider: PluginProvider
1473317995371	addons.manager	DEBUG	Registering shutdown blocker for PluginProvider
1473317995371	addons.manager	DEBUG	Provider finished startup: PluginProvider
1473317995372	addons.manager	DEBUG	Completed startup sequence
1473318003788	addons.manager	DEBUG	Starting provider: &lt;unnamed-provider&gt;
1473318003788	addons.manager	DEBUG	Registering shutdown blocker for &lt;unnamed-provider&gt;
1473318003789	addons.manager	DEBUG	Provider finished startup: &lt;unnamed-provider&gt;
1473318023204	DeferredSave.extensions.json	DEBUG	Write succeeded
1473318023205	addons.xpi-utils	DEBUG	XPI Database saved, setting schema version preference to 17
1473318023205	DeferredSave.extensions.json	DEBUG	Starting timer
1473318023341	DeferredSave.extensions.json	DEBUG	Starting write
1473318023347	addons.repository	DEBUG	No addons.json found.
1473318023462	DeferredSave.addons.json	DEBUG	Save changes
1473318023561	DeferredSave.addons.json	DEBUG	Starting timer
1473318032489	addons.manager	DEBUG	Starting provider: PreviousExperimentProvider
1473318032489	addons.manager	DEBUG	Registering shutdown blocker for PreviousExperimentProvider
1473318032490	addons.manager	DEBUG	Provider finished startup: PreviousExperimentProvider
1473318032519	DeferredSave.addons.json	DEBUG	Starting write

	at org.openqa.selenium.firefox.internal.NewProfileExtensionConnection.start(NewProfileExtensionConnection.java:113)
	... 37 more
</failure>
    <system-out>Configuring TestNG with: org.apache.maven.surefire.testng.conf.TestNG652Configurator@2c13da15
</system-out>
    <system-err>org.openqa.selenium.firefox.NotConnectedException: Unable to connect to host 127.0.0.1 on port 7055 after 45000 ms. Firefox console output:
-global&quot;,&quot;version&quot;:&quot;48.0.2&quot;,&quot;type&quot;:&quot;theme&quot;,&quot;internalName&quot;:&quot;classic/1.0&quot;,&quot;updateURL&quot;:null,&quot;updateKey&quot;:null,&quot;optionsURL&quot;:null,&quot;optionsType&quot;:null,&quot;aboutURL&quot;:null,&quot;icons&quot;:{&quot;32&quot;:&quot;icon.png&quot;,&quot;48&quot;:&quot;icon.png&quot;},&quot;iconURL&quot;:null,&quot;icon64URL&quot;:null,&quot;defaultLocale&quot;:{&quot;name&quot;:&quot;Default&quot;,&quot;description&quot;:&quot;The default theme.&quot;,&quot;creator&quot;:&quot;Mozilla&quot;,&quot;homepageURL&quot;:null,&quot;contributors&quot;:[&quot;Mozilla Contributors&quot;]},&quot;visible&quot;:true,&quot;active&quot;:true,&quot;userDisabled&quot;:false,&quot;appDisabled&quot;:false,&quot;descriptor&quot;:&quot;C:\\Users\\ophondba\\AppData\\Local\\Mozilla Firefox\\browser\\extensions\\{972ce4c6-7e08-4474-a285-3208198ce6fd}.xpi&quot;,&quot;installDate&quot;:1472018554000,&quot;updateDate&quot;:1472018554000,&quot;applyBackgroundUpdates&quot;:1,&quot;skinnable&quot;:true,&quot;size&quot;:21905,&quot;sourceURI&quot;:null,&quot;releaseNotesURI&quot;:null,&quot;softDisabled&quot;:false,&quot;foreignInstall&quot;:false,&quot;hasBinaryComponents&quot;:false,&quot;strictCompatibility&quot;:true,&quot;locales&quot;:[],&quot;targetApplications&quot;:[{&quot;id&quot;:&quot;{ec8030f7-c20a-464f-9b0e-13a3a9e97384}&quot;,&quot;minVersion&quot;:&quot;48.0.2&quot;,&quot;maxVersion&quot;:&quot;48.0.2&quot;}],&quot;targetPlatforms&quot;:[],&quot;seen&quot;:true}
1473317995259	addons.xpi	DEBUG	getModTime: Recursive scan of {972ce4c6-7e08-4474-a285-3208198ce6fd}
1473317995261	DeferredSave.extensions.json	DEBUG	Save changes
1473317995261	addons.xpi	DEBUG	Updating database with changes to installed add-ons
1473317995261	addons.xpi-utils	DEBUG	Updating add-on states
1473317995262	addons.xpi-utils	DEBUG	Writing add-ons list
1473317995267	addons.xpi	DEBUG	Registering manifest for C:\Users\ophondba\AppData\Local\Mozilla Firefox\browser\features\e10srollout@mozilla.org.xpi
1473317995267	addons.xpi	DEBUG	Calling bootstrap method startup on e10srollout@mozilla.org version 1.1
1473317995268	addons.xpi	DEBUG	Registering manifest for C:\Users\ophondba\AppData\Local\Mozilla Firefox\browser\features\firefox@getpocket.com.xpi
1473317995268	addons.xpi	DEBUG	Calling bootstrap method startup on firefox@getpocket.com version 1.0.4
1473317995269	addons.xpi	DEBUG	Registering manifest for C:\Users\ophondba\AppData\Local\Mozilla Firefox\browser\features\loop@mozilla.org.xpi
1473317995270	addons.xpi	DEBUG	Calling bootstrap method startup on loop@mozilla.org version 1.4.4
1473317995353	addons.manager	DEBUG	Registering shutdown blocker for XPIProvider
1473317995354	addons.manager	DEBUG	Provider finished startup: XPIProvider
1473317995354	addons.manager	DEBUG	Starting provider: LightweightThemeManager
1473317995354	addons.manager	DEBUG	Registering shutdown blocker for LightweightThemeManager
1473317995354	addons.manager	DEBUG	Provider finished startup: LightweightThemeManager
1473317995355	addons.manager	DEBUG	Starting provider: GMPProvider
1473317995369	addons.manager	DEBUG	Registering shutdown blocker for GMPProvider
1473317995370	addons.manager	DEBUG	Provider finished startup: GMPProvider
1473317995370	addons.manager	DEBUG	Starting provider: PluginProvider
1473317995371	addons.manager	DEBUG	Registering shutdown blocker for PluginProvider
1473317995371	addons.manager	DEBUG	Provider finished startup: PluginProvider
1473317995372	addons.manager	DEBUG	Completed startup sequence
1473318003788	addons.manager	DEBUG	Starting provider: &lt;unnamed-provider&gt;
1473318003788	addons.manager	DEBUG	Registering shutdown blocker for &lt;unnamed-provider&gt;
1473318003789	addons.manager	DEBUG	Provider finished startup: &lt;unnamed-provider&gt;
1473318023204	DeferredSave.extensions.json	DEBUG	Write succeeded
1473318023205	addons.xpi-utils	DEBUG	XPI Database saved, setting schema version preference to 17
1473318023205	DeferredSave.extensions.json	DEBUG	Starting timer
1473318023341	DeferredSave.extensions.json	DEBUG	Starting write
1473318023347	addons.repository	DEBUG	No addons.json found.
1473318023462	DeferredSave.addons.json	DEBUG	Save changes
1473318023561	DeferredSave.addons.json	DEBUG	Starting timer
1473318032489	addons.manager	DEBUG	Starting provider: PreviousExperimentProvider
1473318032489	addons.manager	DEBUG	Registering shutdown blocker for PreviousExperimentProvider
1473318032490	addons.manager	DEBUG	Provider finished startup: PreviousExperimentProvider
1473318032519	DeferredSave.addons.json	DEBUG	Starting write

	at org.openqa.selenium.firefox.internal.NewProfileExtensionConnection.start(NewProfileExtensionConnection.java:113)
	at org.openqa.selenium.firefox.FirefoxDriver.startClient(FirefoxDriver.java:271)
	at org.openqa.selenium.remote.RemoteWebDriver.&lt;init&gt;(RemoteWebDriver.java:119)
	at org.openqa.selenium.firefox.FirefoxDriver.&lt;init&gt;(FirefoxDriver.java:216)
	at org.openqa.selenium.firefox.FirefoxDriver.&lt;init&gt;(FirefoxDriver.java:211)
	at org.openqa.selenium.firefox.FirefoxDriver.&lt;init&gt;(FirefoxDriver.java:207)
	at Sample.PetClinicTest.beforeTest(PetClinicTest.java:26)
	at sun.reflect.NativeMethodAccessorImpl.invoke0(Native Method)
	at sun.reflect.NativeMethodAccessorImpl.invoke(NativeMethodAccessorImpl.java:62)
	at sun.reflect.DelegatingMethodAccessorImpl.invoke(DelegatingMethodAccessorImpl.java:43)
	at java.lang.reflect.Method.invoke(Method.java:498)
	at org.testng.internal.MethodInvocationHelper.invokeMethod(MethodInvocationHelper.java:84)
	at org.testng.internal.Invoker.invokeConfigurationMethod(Invoker.java:564)
	at org.testng.internal.Invoker.invokeConfigurations(Invoker.java:213)
	at org.testng.internal.Invoker.invokeConfigurations(Invoker.java:138)
	at org.testng.TestRunner.beforeRun(TestRunner.java:641)
	at org.testng.TestRunner.run(TestRunner.java:609)
	at org.testng.SuiteRunner.runTest(SuiteRunner.java:334)
	at org.testng.SuiteRunner.runSequentially(SuiteRunner.java:329)
	at org.testng.SuiteRunner.privateRun(SuiteRunner.java:291)
	at org.testng.SuiteRunner.run(SuiteRunner.java:240)
	at org.testng.SuiteRunnerWorker.runSuite(SuiteRunnerWorker.java:52)
	at org.testng.SuiteRunnerWorker.run(SuiteRunnerWorker.java:86)
	at org.testng.TestNG.runSuitesSequentially(TestNG.java:1224)
	at org.testng.TestNG.runSuitesLocally(TestNG.java:1149)
	at org.testng.TestNG.run(TestNG.java:1057)
	at org.apache.maven.surefire.testng.TestNGExecutor.run(TestNGExecutor.java:77)
	at org.apache.maven.surefire.testng.TestNGDirectoryTestSuite.execute(TestNGDirectoryTestSuite.java:110)
	at org.apache.maven.surefire.testng.TestNGProvider.invoke(TestNGProvider.java:106)
	at sun.reflect.NativeMethodAccessorImpl.invoke0(Native Method)
	at sun.reflect.NativeMethodAccessorImpl.invoke(NativeMethodAccessorImpl.java:62)
	at sun.reflect.DelegatingMethodAccessorImpl.invoke(DelegatingMethodAccessorImpl.java:43)
	at java.lang.reflect.Method.invoke(Method.java:498)
	at org.apache.maven.surefire.util.ReflectionUtils.invokeMethodWithArray(ReflectionUtils.java:189)
	at org.apache.maven.surefire.booter.ProviderFactory$ProviderProxy.invoke(ProviderFactory.java:165)
	at org.apache.maven.surefire.booter.ProviderFactory.invokeProvider(ProviderFactory.java:85)
	at org.apache.maven.surefire.booter.ForkedBooter.runSuitesInProcess(ForkedBooter.java:115)
	at org.apache.maven.surefire.booter.ForkedBooter.main(ForkedBooter.java:75)
Sep 08, 2016 12:30:35 PM org.openqa.selenium.os.ProcessUtils killWinProcess
WARNING: Process refused to die after 10 seconds, and couldn&apos;t taskkill it
java.lang.NullPointerException: Unable to find executable for: taskkill
	at com.google.common.base.Preconditions.checkNotNull(Preconditions.java:251)
	at org.openqa.selenium.os.UnixProcess.&lt;init&gt;(UnixProcess.java:62)
	at org.openqa.selenium.os.CommandLine.&lt;init&gt;(CommandLine.java:38)
	at org.openqa.selenium.os.WindowsUtils.killPID(WindowsUtils.java:178)
	at org.openqa.selenium.os.ProcessUtils.killWinProcess(ProcessUtils.java:138)
	at org.openqa.selenium.os.ProcessUtils.killProcess(ProcessUtils.java:81)
	at org.openqa.selenium.os.UnixProcess$SeleniumWatchDog.destroyHarder(UnixProcess.java:247)
	at org.openqa.selenium.os.UnixProcess$SeleniumWatchDog.access$200(UnixProcess.java:201)
	at org.openqa.selenium.os.UnixProcess.destroy(UnixProcess.java:125)
	at org.openqa.selenium.os.CommandLine.destroy(CommandLine.java:155)
	at org.openqa.selenium.firefox.FirefoxBinary.quit(FirefoxBinary.java:246)
	at org.openqa.selenium.firefox.internal.NewProfileExtensionConnection.quit(NewProfileExtensionConnection.java:194)
	at org.openqa.selenium.firefox.FirefoxDriver$LazyCommandExecutor.quit(FirefoxDriver.java:364)
	at org.openqa.selenium.firefox.FirefoxDriver.stopClient(FirefoxDriver.java:310)
	at org.openqa.selenium.remote.RemoteWebDriver.&lt;init&gt;(RemoteWebDriver.java:122)
	at org.openqa.selenium.firefox.FirefoxDriver.&lt;init&gt;(FirefoxDriver.java:216)
	at org.openqa.selenium.firefox.FirefoxDriver.&lt;init&gt;(FirefoxDriver.java:211)
	at org.openqa.selenium.firefox.FirefoxDriver.&lt;init&gt;(FirefoxDriver.java:207)
	at Sample.PetClinicTest.beforeTest(PetClinicTest.java:26)
	at sun.reflect.NativeMethodAccessorImpl.invoke0(Native Method)
	at sun.reflect.NativeMethodAccessorImpl.invoke(NativeMethodAccessorImpl.java:62)
	at sun.reflect.DelegatingMethodAccessorImpl.invoke(DelegatingMethodAccessorImpl.java:43)
	at java.lang.reflect.Method.invoke(Method.java:498)
	at org.testng.internal.MethodInvocationHelper.invokeMethod(MethodInvocationHelper.java:84)
	at org.testng.internal.Invoker.invokeConfigurationMethod(Invoker.java:564)
	at org.testng.internal.Invoker.invokeConfigurations(Invoker.java:213)
	at org.testng.internal.Invoker.invokeConfigurations(Invoker.java:138)
	at org.testng.TestRunner.beforeRun(TestRunner.java:641)
	at org.testng.TestRunner.run(TestRunner.java:609)
	at org.testng.SuiteRunner.runTest(SuiteRunner.java:334)
	at org.testng.SuiteRunner.runSequentially(SuiteRunner.java:329)
	at org.testng.SuiteRunner.privateRun(SuiteRunner.java:291)
	at org.testng.SuiteRunner.run(SuiteRunner.java:240)
	at org.testng.SuiteRunnerWorker.runSuite(SuiteRunnerWorker.java:52)
	at org.testng.SuiteRunnerWorker.run(SuiteRunnerWorker.java:86)
	at org.testng.TestNG.runSuitesSequentially(TestNG.java:1224)
	at org.testng.TestNG.runSuitesLocally(TestNG.java:1149)
	at org.testng.TestNG.run(TestNG.java:1057)
	at org.apache.maven.surefire.testng.TestNGExecutor.run(TestNGExecutor.java:77)
	at org.apache.maven.surefire.testng.TestNGDirectoryTestSuite.execute(TestNGDirectoryTestSuite.java:110)
	at org.apache.maven.surefire.testng.TestNGProvider.invoke(TestNGProvider.java:106)
	at sun.reflect.NativeMethodAccessorImpl.invoke0(Native Method)
	at sun.reflect.NativeMethodAccessorImpl.invoke(NativeMethodAccessorImpl.java:62)
	at sun.reflect.DelegatingMethodAccessorImpl.invoke(DelegatingMethodAccessorImpl.java:43)
	at java.lang.reflect.Method.invoke(Method.java:498)
	at org.apache.maven.surefire.util.ReflectionUtils.invokeMethodWithArray(ReflectionUtils.java:189)
	at org.apache.maven.surefire.booter.ProviderFactory$ProviderProxy.invoke(ProviderFactory.java:165)
	at org.apache.maven.surefire.booter.ProviderFactory.invokeProvider(ProviderFactory.java:85)
	at org.apache.maven.surefire.booter.ForkedBooter.runSuitesInProcess(ForkedBooter.java:115)
	at org.apache.maven.surefire.booter.ForkedBooter.main(ForkedBooter.java:75)

</system-err>
  </testcase>
  <testcase classname="Sample.PetClinicTest" name="testEasy" time="0">
    <skipped/>
  </testcase>
  <testcase classname="Sample.PetClinicTest" name="afterTest" time="0">
    <skipped/>
  </testcase>
</testsuite>