<?xml version="1.0" encoding="UTF-8"?>
<!-- Generated by org.testng.reporters.JUnitReportReporter -->
<testsuite hostname="DIN16001296" name="Sample.PetClinicTest" tests="1" failures="1" timestamp="8 Sep 2016 07:00:39 GMT" time="0.001" errors="0">
  <testcase name="testEasy" time="0.001" classname="Sample.PetClinicTest">
    <failure type="org.openqa.selenium.WebDriverException" message="Failed to connect to binary FirefoxBinary(C:\Users\ophondba\AppData\Local\Mozilla Firefox\Firefox.exe) on port 7055; process output follows: 
/1.0&quot;,&quot;updateURL&quot;:null,&quot;updateKey&quot;:null,&quot;optionsURL&quot;:null,&quot;optionsType&quot;:null,&quot;aboutURL&quot;:null,&quot;icons&quot;:{&quot;32&quot;:&quot;icon.png&quot;,&quot;48&quot;:&quot;icon.png&quot;},&quot;iconURL&quot;:null,&quot;icon64URL&quot;:null,&quot;defaultLocale&quot;:{&quot;name&quot;:&quot;Default&quot;,&quot;description&quot;:&quot;The default theme.&quot;,&quot;creator&quot;:&quot;Mozilla&quot;,&quot;homepageURL&quot;:null,&quot;contributors&quot;:[&quot;Mozilla Contributors&quot;]},&quot;visible&quot;:true,&quot;active&quot;:true,&quot;userDisabled&quot;:false,&quot;appDisabled&quot;:false,&quot;descriptor&quot;:&quot;C:\\Users\\ophondba\\AppData\\Local\\Mozilla Firefox\\browser\\extensions\\{972ce4c6-7e08-4474-a285-3208198ce6fd}.xpi&quot;,&quot;installDate&quot;:1472018554000,&quot;updateDate&quot;:1472018554000,&quot;applyBackgroundUpdates&quot;:1,&quot;skinnable&quot;:true,&quot;size&quot;:21905,&quot;sourceURI&quot;:null,&quot;releaseNotesURI&quot;:null,&quot;softDisabled&quot;:false,&quot;foreignInstall&quot;:false,&quot;hasBinaryComponents&quot;:false,&quot;strictCompatibility&quot;:true,&quot;locales&quot;:[],&quot;targetApplications&quot;:[{&quot;id&quot;:&quot;{ec8030f7-c20a-464f-9b0e-13a3a9e97384}&quot;,&quot;minVersion&quot;:&quot;48.0.2&quot;,&quot;maxVersion&quot;:&quot;48.0.2&quot;}],&quot;targetPlatforms&quot;:[],&quot;seen&quot;:true}
1473317995259	addons.xpi	DEBUG	getModTime: Recursive scan of {972ce4c6-7e08-4474-a285-3208198ce6fd}
1473317995261	DeferredSave.extensions.json	DEBUG	Save changes
1473317995261	addons.xpi	DEBUG	Updating database with changes to installed add-ons
1473317995261	addons.xpi-utils	DEBUG	Updating add-on states
1473317995262	addons.xpi-utils	DEBUG	Writing add-ons list
1473317995267	addons.xpi	DEBUG	Registering manifest for C:\Users\ophondba\AppData\Local\Mozilla Firefox\browser\features\e10srollout@mozilla.org.xpi
1473317995267	addons.xpi	DEBUG	Calling bootstrap method startup on e10srollout@mozilla.org version 1.1
1473317995268	addons.xpi	DEBUG	Registering manifest for C:\Users\ophondba\AppData\Local\Mozilla Firefox\browser\features\firefox@getpocket.com.xpi
1473317995268	addons.xpi	DEBUG	Calling bootstrap method startup on firefox@getpocket.com version 1.0.4
1473317995269	addons.xpi	DEBUG	Registering manifest for C:\Users\ophondba\AppData\Local\Mozilla Firefox\browser\features\loop@mozilla.org.xpi
1473317995270	addons.xpi	DEBUG	Calling bootstrap method startup on loop@mozilla.org version 1.4.4
1473317995353	addons.manager	DEBUG	Registering shutdown blocker for XPIProvider
1473317995354	addons.manager	DEBUG	Provider finished startup: XPIProvider
1473317995354	addons.manager	DEBUG	Starting provider: LightweightThemeManager
1473317995354	addons.manager	DEBUG	Registering shutdown blocker for LightweightThemeManager
1473317995354	addons.manager	DEBUG	Provider finished startup: LightweightThemeManager
1473317995355	addons.manager	DEBUG	Starting provider: GMPProvider
1473317995369	addons.manager	DEBUG	Registering shutdown blocker for GMPProvider
1473317995370	addons.manager	DEBUG	Provider finished startup: GMPProvider
1473317995370	addons.manager	DEBUG	Starting provider: PluginProvider
1473317995371	addons.manager	DEBUG	Registering shutdown blocker for PluginProvider
1473317995371	addons.manager	DEBUG	Provider finished startup: PluginProvider
1473317995372	addons.manager	DEBUG	Completed startup sequence
1473318003788	addons.manager	DEBUG	Starting provider: &lt;unnamed-provider&gt;
1473318003788	addons.manager	DEBUG	Registering shutdown blocker for &lt;unnamed-provider&gt;
1473318003789	addons.manager	DEBUG	Provider finished startup: &lt;unnamed-provider&gt;
1473318023204	DeferredSave.extensions.json	DEBUG	Write succeeded
1473318023205	addons.xpi-utils	DEBUG	XPI Database saved, setting schema version preference to 17
1473318023205	DeferredSave.extensions.json	DEBUG	Starting timer
1473318023341	DeferredSave.extensions.json	DEBUG	Starting write
1473318023347	addons.repository	DEBUG	No addons.json found.
1473318023462	DeferredSave.addons.json	DEBUG	Save changes
1473318023561	DeferredSave.addons.json	DEBUG	Starting timer
1473318032489	addons.manager	DEBUG	Starting provider: PreviousExperimentProvider
1473318032489	addons.manager	DEBUG	Registering shutdown blocker for PreviousExperimentProvider
1473318032490	addons.manager	DEBUG	Provider finished startup: PreviousExperimentProvider
1473318032519	DeferredSave.addons.json	DEBUG	Starting write
1473318033294	DeferredSave.extensions.json	DEBUG	Write succeeded

Build info: version: &#039;2.53.1&#039;, revision: &#039;a36b8b1cd5757287168e54b817830adce9b0158d&#039;, time: &#039;2016-06-30 19:26:09&#039;
System info: host: &#039;DIN16001296&#039;, ip: &#039;169.254.246.123&#039;, os.name: &#039;Windows 7&#039;, os.arch: &#039;amd64&#039;, os.version: &#039;6.1&#039;, java.version: &#039;1.8.0_91&#039;
Driver info: driver.version: FirefoxDriver">
      <![CDATA[org.openqa.selenium.WebDriverException: Failed to connect to binary FirefoxBinary(C:\Users\ophondba\AppData\Local\Mozilla Firefox\Firefox.exe) on port 7055; process output follows: 
/1.0","updateURL":null,"updateKey":null,"optionsURL":null,"optionsType":null,"aboutURL":null,"icons":{"32":"icon.png","48":"icon.png"},"iconURL":null,"icon64URL":null,"defaultLocale":{"name":"Default","description":"The default theme.","creator":"Mozilla","homepageURL":null,"contributors":["Mozilla Contributors"]},"visible":true,"active":true,"userDisabled":false,"appDisabled":false,"descriptor":"C:\\Users\\ophondba\\AppData\\Local\\Mozilla Firefox\\browser\\extensions\\{972ce4c6-7e08-4474-a285-3208198ce6fd}.xpi","installDate":1472018554000,"updateDate":1472018554000,"applyBackgroundUpdates":1,"skinnable":true,"size":21905,"sourceURI":null,"releaseNotesURI":null,"softDisabled":false,"foreignInstall":false,"hasBinaryComponents":false,"strictCompatibility":true,"locales":[],"targetApplications":[{"id":"{ec8030f7-c20a-464f-9b0e-13a3a9e97384}","minVersion":"48.0.2","maxVersion":"48.0.2"}],"targetPlatforms":[],"seen":true}
1473317995259	addons.xpi	DEBUG	getModTime: Recursive scan of {972ce4c6-7e08-4474-a285-3208198ce6fd}
1473317995261	DeferredSave.extensions.json	DEBUG	Save changes
1473317995261	addons.xpi	DEBUG	Updating database with changes to installed add-ons
1473317995261	addons.xpi-utils	DEBUG	Updating add-on states
1473317995262	addons.xpi-utils	DEBUG	Writing add-ons list
1473317995267	addons.xpi	DEBUG	Registering manifest for C:\Users\ophondba\AppData\Local\Mozilla Firefox\browser\features\e10srollout@mozilla.org.xpi
1473317995267	addons.xpi	DEBUG	Calling bootstrap method startup on e10srollout@mozilla.org version 1.1
1473317995268	addons.xpi	DEBUG	Registering manifest for C:\Users\ophondba\AppData\Local\Mozilla Firefox\browser\features\firefox@getpocket.com.xpi
1473317995268	addons.xpi	DEBUG	Calling bootstrap method startup on firefox@getpocket.com version 1.0.4
1473317995269	addons.xpi	DEBUG	Registering manifest for C:\Users\ophondba\AppData\Local\Mozilla Firefox\browser\features\loop@mozilla.org.xpi
1473317995270	addons.xpi	DEBUG	Calling bootstrap method startup on loop@mozilla.org version 1.4.4
1473317995353	addons.manager	DEBUG	Registering shutdown blocker for XPIProvider
1473317995354	addons.manager	DEBUG	Provider finished startup: XPIProvider
1473317995354	addons.manager	DEBUG	Starting provider: LightweightThemeManager
1473317995354	addons.manager	DEBUG	Registering shutdown blocker for LightweightThemeManager
1473317995354	addons.manager	DEBUG	Provider finished startup: LightweightThemeManager
1473317995355	addons.manager	DEBUG	Starting provider: GMPProvider
1473317995369	addons.manager	DEBUG	Registering shutdown blocker for GMPProvider
1473317995370	addons.manager	DEBUG	Provider finished startup: GMPProvider
1473317995370	addons.manager	DEBUG	Starting provider: PluginProvider
1473317995371	addons.manager	DEBUG	Registering shutdown blocker for PluginProvider
1473317995371	addons.manager	DEBUG	Provider finished startup: PluginProvider
1473317995372	addons.manager	DEBUG	Completed startup sequence
1473318003788	addons.manager	DEBUG	Starting provider: <unnamed-provider>
1473318003788	addons.manager	DEBUG	Registering shutdown blocker for <unnamed-provider>
1473318003789	addons.manager	DEBUG	Provider finished startup: <unnamed-provider>
1473318023204	DeferredSave.extensions.json	DEBUG	Write succeeded
1473318023205	addons.xpi-utils	DEBUG	XPI Database saved, setting schema version preference to 17
1473318023205	DeferredSave.extensions.json	DEBUG	Starting timer
1473318023341	DeferredSave.extensions.json	DEBUG	Starting write
1473318023347	addons.repository	DEBUG	No addons.json found.
1473318023462	DeferredSave.addons.json	DEBUG	Save changes
1473318023561	DeferredSave.addons.json	DEBUG	Starting timer
1473318032489	addons.manager	DEBUG	Starting provider: PreviousExperimentProvider
1473318032489	addons.manager	DEBUG	Registering shutdown blocker for PreviousExperimentProvider
1473318032490	addons.manager	DEBUG	Provider finished startup: PreviousExperimentProvider
1473318032519	DeferredSave.addons.json	DEBUG	Starting write
1473318033294	DeferredSave.extensions.json	DEBUG	Write succeeded

Build info: version: '2.53.1', revision: 'a36b8b1cd5757287168e54b817830adce9b0158d', time: '2016-06-30 19:26:09'
System info: host: 'DIN16001296', ip: '169.254.246.123', os.name: 'Windows 7', os.arch: 'amd64', os.version: '6.1', java.version: '1.8.0_91'
Driver info: driver.version: FirefoxDriver
	at org.openqa.selenium.firefox.internal.NewProfileExtensionConnection.start(NewProfileExtensionConnection.java:125)
	at org.openqa.selenium.firefox.FirefoxDriver.startClient(FirefoxDriver.java:271)
	at org.openqa.selenium.remote.RemoteWebDriver.<init>(RemoteWebDriver.java:119)
	at org.openqa.selenium.firefox.FirefoxDriver.<init>(FirefoxDriver.java:216)
	at org.openqa.selenium.firefox.FirefoxDriver.<init>(FirefoxDriver.java:211)
	at org.openqa.selenium.firefox.FirefoxDriver.<init>(FirefoxDriver.java:207)
	at Sample.PetClinicTest.beforeTest(PetClinicTest.java:26)
	at sun.reflect.NativeMethodAccessorImpl.invoke0(Native Method)
	at sun.reflect.NativeMethodAccessorImpl.invoke(NativeMethodAccessorImpl.java:62)
	at sun.reflect.DelegatingMethodAccessorImpl.invoke(DelegatingMethodAccessorImpl.java:43)
	at java.lang.reflect.Method.invoke(Method.java:498)
	at org.testng.internal.MethodInvocationHelper.invokeMethod(MethodInvocationHelper.java:84)
	at org.testng.internal.Invoker.invokeConfigurationMethod(Invoker.java:564)
	at org.testng.internal.Invoker.invokeConfigurations(Invoker.java:213)
	at org.testng.internal.Invoker.invokeConfigurations(Invoker.java:138)
	at org.testng.TestRunner.beforeRun(TestRunner.java:641)
	at org.testng.TestRunner.run(TestRunner.java:609)
	at org.testng.SuiteRunner.runTest(SuiteRunner.java:334)
	at org.testng.SuiteRunner.runSequentially(SuiteRunner.java:329)
	at org.testng.SuiteRunner.privateRun(SuiteRunner.java:291)
	at org.testng.SuiteRunner.run(SuiteRunner.java:240)
	at org.testng.SuiteRunnerWorker.runSuite(SuiteRunnerWorker.java:52)
	at org.testng.SuiteRunnerWorker.run(SuiteRunnerWorker.java:86)
	at org.testng.TestNG.runSuitesSequentially(TestNG.java:1224)
	at org.testng.TestNG.runSuitesLocally(TestNG.java:1149)
	at org.testng.TestNG.run(TestNG.java:1057)
	at org.apache.maven.surefire.testng.TestNGExecutor.run(TestNGExecutor.java:77)
	at org.apache.maven.surefire.testng.TestNGDirectoryTestSuite.execute(TestNGDirectoryTestSuite.java:110)
	at org.apache.maven.surefire.testng.TestNGProvider.invoke(TestNGProvider.java:106)
	at sun.reflect.NativeMethodAccessorImpl.invoke0(Native Method)
	at sun.reflect.NativeMethodAccessorImpl.invoke(NativeMethodAccessorImpl.java:62)
	at sun.reflect.DelegatingMethodAccessorImpl.invoke(DelegatingMethodAccessorImpl.java:43)
	at java.lang.reflect.Method.invoke(Method.java:498)
	at org.apache.maven.surefire.util.ReflectionUtils.invokeMethodWithArray(ReflectionUtils.java:189)
	at org.apache.maven.surefire.booter.ProviderFactory$ProviderProxy.invoke(ProviderFactory.java:165)
	at org.apache.maven.surefire.booter.ProviderFactory.invokeProvider(ProviderFactory.java:85)
	at org.apache.maven.surefire.booter.ForkedBooter.runSuitesInProcess(ForkedBooter.java:115)
	at org.apache.maven.surefire.booter.ForkedBooter.main(ForkedBooter.java:75)
Caused by: org.openqa.selenium.firefox.NotConnectedException: Unable to connect to host 127.0.0.1 on port 7055 after 45000 ms. Firefox console output:
-global","version":"48.0.2","type":"theme","internalName":"classic/1.0","updateURL":null,"updateKey":null,"optionsURL":null,"optionsType":null,"aboutURL":null,"icons":{"32":"icon.png","48":"icon.png"},"iconURL":null,"icon64URL":null,"defaultLocale":{"name":"Default","description":"The default theme.","creator":"Mozilla","homepageURL":null,"contributors":["Mozilla Contributors"]},"visible":true,"active":true,"userDisabled":false,"appDisabled":false,"descriptor":"C:\\Users\\ophondba\\AppData\\Local\\Mozilla Firefox\\browser\\extensions\\{972ce4c6-7e08-4474-a285-3208198ce6fd}.xpi","installDate":1472018554000,"updateDate":1472018554000,"applyBackgroundUpdates":1,"skinnable":true,"size":21905,"sourceURI":null,"releaseNotesURI":null,"softDisabled":false,"foreignInstall":false,"hasBinaryComponents":false,"strictCompatibility":true,"locales":[],"targetApplications":[{"id":"{ec8030f7-c20a-464f-9b0e-13a3a9e97384}","minVersion":"48.0.2","maxVersion":"48.0.2"}],"targetPlatforms":[],"seen":true}
1473317995259	addons.xpi	DEBUG	getModTime: Recursive scan of {972ce4c6-7e08-4474-a285-3208198ce6fd}
1473317995261	DeferredSave.extensions.json	DEBUG	Save changes
1473317995261	addons.xpi	DEBUG	Updating database with changes to installed add-ons
1473317995261	addons.xpi-utils	DEBUG	Updating add-on states
1473317995262	addons.xpi-utils	DEBUG	Writing add-ons list
1473317995267	addons.xpi	DEBUG	Registering manifest for C:\Users\ophondba\AppData\Local\Mozilla Firefox\browser\features\e10srollout@mozilla.org.xpi
1473317995267	addons.xpi	DEBUG	Calling bootstrap method startup on e10srollout@mozilla.org version 1.1
1473317995268	addons.xpi	DEBUG	Registering manifest for C:\Users\ophondba\AppData\Local\Mozilla Firefox\browser\features\firefox@getpocket.com.xpi
1473317995268	addons.xpi	DEBUG	Calling bootstrap method startup on firefox@getpocket.com version 1.0.4
1473317995269	addons.xpi	DEBUG	Registering manifest for C:\Users\ophondba\AppData\Local\Mozilla Firefox\browser\features\loop@mozilla.org.xpi
1473317995270	addons.xpi	DEBUG	Calling bootstrap method startup on loop@mozilla.org version 1.4.4
1473317995353	addons.manager	DEBUG	Registering shutdown blocker for XPIProvider
1473317995354	addons.manager	DEBUG	Provider finished startup: XPIProvider
1473317995354	addons.manager	DEBUG	Starting provider: LightweightThemeManager
1473317995354	addons.manager	DEBUG	Registering shutdown blocker for LightweightThemeManager
1473317995354	addons.manager	DEBUG	Provider finished startup: LightweightThemeManager
1473317995355	addons.manager	DEBUG	Starting provider: GMPProvider
1473317995369	addons.manager	DEBUG	Registering shutdown blocker for GMPProvider
1473317995370	addons.manager	DEBUG	Provider finished startup: GMPProvider
1473317995370	addons.manager	DEBUG	Starting provider: PluginProvider
1473317995371	addons.manager	DEBUG	Registering shutdown blocker for PluginProvider
1473317995371	addons.manager	DEBUG	Provider finished startup: PluginProvider
1473317995372	addons.manager	DEBUG	Completed startup sequence
1473318003788	addons.manager	DEBUG	Starting provider: <unnamed-provider>
1473318003788	addons.manager	DEBUG	Registering shutdown blocker for <unnamed-provider>
1473318003789	addons.manager	DEBUG	Provider finished startup: <unnamed-provider>
1473318023204	DeferredSave.extensions.json	DEBUG	Write succeeded
1473318023205	addons.xpi-utils	DEBUG	XPI Database saved, setting schema version preference to 17
1473318023205	DeferredSave.extensions.json	DEBUG	Starting timer
1473318023341	DeferredSave.extensions.json	DEBUG	Starting write
1473318023347	addons.repository	DEBUG	No addons.json found.
1473318023462	DeferredSave.addons.json	DEBUG	Save changes
1473318023561	DeferredSave.addons.json	DEBUG	Starting timer
1473318032489	addons.manager	DEBUG	Starting provider: PreviousExperimentProvider
1473318032489	addons.manager	DEBUG	Registering shutdown blocker for PreviousExperimentProvider
1473318032490	addons.manager	DEBUG	Provider finished startup: PreviousExperimentProvider
1473318032519	DeferredSave.addons.json	DEBUG	Starting write

	at org.openqa.selenium.firefox.internal.NewProfileExtensionConnection.start(NewProfileExtensionConnection.java:113)
	... 37 more
]]>
    </failure>
  </testcase> <!-- testEasy -->
</testsuite> <!-- Sample.PetClinicTest -->
