<?xml version="1.0" encoding="UTF-8"?>
<!-- Generated by org.testng.reporters.JUnitReportReporter -->
<testsuite hostname="DIN16001296" name="Sample.PetClinicTest" tests="1" failures="0" timestamp="9 Sep 2016 06:30:45 GMT" time="22.416" errors="0">
  <testcase name="testEasy" time="22.416" classname="Sample.PetClinicTest"/>
</testsuite> <!-- Sample.PetClinicTest -->
