<?xml version="1.0" encoding="UTF-8"?>
<!-- Generated by org.testng.reporters.JUnitReportReporter -->
<testsuite hostname="DIN16001296" name="Sample.PetClinicTest" tests="1" failures="0" timestamp="9 Sep 2016 09:13:04 GMT" time="47.572" errors="0">
  <testcase name="testEasy" time="47.572" classname="Sample.PetClinicTest"/>
</testsuite> <!-- Sample.PetClinicTest -->
